<?xml version="1.0" encoding="UTF-8"?>
<!-- Generated by org.testng.reporters.JUnitXMLReporter -->
<testsuite ignored="0" hostname="IN-HG6XTN3" failures="0" tests="3" name="YourTest" time="0.101" errors="0" timestamp="2024-04-03T17:29:04 UTC">
  <testcase classname="tests.ProfileTest" name="@BeforeMethod setup" time="0.049">
    <failure type="java.lang.IllegalStateException" message="The driver executable must exist: C:\Users\ruchitapathak\eclipse-workspace\redbus-test-framework\path\to\chromedriver">
      <![CDATA[java.lang.IllegalStateException: The driver executable must exist: C:\Users\ruchitapathak\eclipse-workspace\redbus-test-framework\path\to\chromedriver
at org.openqa.selenium.internal.Require$FileStateChecker.isFile(Require.java:315)
at org.openqa.selenium.remote.service.DriverService.checkExecutable(DriverService.java:147)
at org.openqa.selenium.remote.service.DriverService.findExecutable(DriverService.java:142)
at org.openqa.selenium.chrome.ChromeDriverService.access$000(ChromeDriverService.java:38)
at org.openqa.selenium.chrome.ChromeDriverService$Builder.findDefaultExecutable(ChromeDriverService.java:231)
at org.openqa.selenium.remote.service.DriverService$Builder.build(DriverService.java:437)
at org.openqa.selenium.chrome.ChromeDriverService.createDefaultService(ChromeDriverService.java:127)
at org.openqa.selenium.chrome.ChromeDriver.<init>(ChromeDriver.java:46)
at tests.ProfileTest.setup(ProfileTest.java:18)
at java.base/java.util.ArrayList.forEach(ArrayList.java:1511)
... Removed 31 stack frames]]>
    </failure>
  </testcase> <!-- @BeforeMethod setup -->
  <testcase classname="tests.ProfileTest" name="@AfterMethod teardown" time="-1.712165344377E9">
    <skipped/>
  </testcase> <!-- @AfterMethod teardown -->
  <testcase classname="tests.ProfileTest" name="@BeforeMethod setup" time="-1.712165344379E9">
    <skipped/>
  </testcase> <!-- @BeforeMethod setup -->
  <testcase classname="tests.ProfileTest" name="@AfterMethod teardown" time="-1.712165344382E9">
    <skipped/>
  </testcase> <!-- @AfterMethod teardown -->
  <testcase classname="tests.SearchTest" name="@BeforeMethod setup" time="0.003">
    <failure type="java.lang.IllegalStateException" message="The driver executable must exist: C:\Users\ruchitapathak\eclipse-workspace\redbus-test-framework\path\to\chromedriver">
      <![CDATA[java.lang.IllegalStateException: The driver executable must exist: C:\Users\ruchitapathak\eclipse-workspace\redbus-test-framework\path\to\chromedriver
at org.openqa.selenium.internal.Require$FileStateChecker.isFile(Require.java:315)
at org.openqa.selenium.remote.service.DriverService.checkExecutable(DriverService.java:147)
at org.openqa.selenium.remote.service.DriverService.findExecutable(DriverService.java:142)
at org.openqa.selenium.chrome.ChromeDriverService.access$000(ChromeDriverService.java:38)
at org.openqa.selenium.chrome.ChromeDriverService$Builder.findDefaultExecutable(ChromeDriverService.java:231)
at org.openqa.selenium.remote.service.DriverService$Builder.build(DriverService.java:437)
at org.openqa.selenium.chrome.ChromeDriverService.createDefaultService(ChromeDriverService.java:127)
at org.openqa.selenium.chrome.ChromeDriver.<init>(ChromeDriver.java:46)
at tests.SearchTest.setup(SearchTest.java:18)
at java.base/java.util.ArrayList.forEach(ArrayList.java:1511)
... Removed 31 stack frames]]>
    </failure>
  </testcase> <!-- @BeforeMethod setup -->
  <testcase classname="tests.SearchTest" name="@AfterMethod teardown" time="-1.712165344393E9">
    <skipped/>
  </testcase> <!-- @AfterMethod teardown -->
  <testcase classname="tests.ProfileTest" name="testEditProfile" time="0.0">
    <skipped/>
  </testcase> <!-- testEditProfile -->
  <testcase classname="tests.ProfileTest" name="testProfileName" time="0.0">
    <skipped/>
  </testcase> <!-- testProfileName -->
  <testcase classname="tests.SearchTest" name="testSearchResultsCount" time="0.0">
    <skipped/>
  </testcase> <!-- testSearchResultsCount -->
</testsuite> <!-- YourTest -->
