<?xml version="1.0" encoding="UTF-8"?>
<!-- Generated by org.testng.reporters.JUnitXMLReporter -->
<testsuite ignored="0" hostname="IN-HG6XTN3" failures="1" tests="8" name="Default test" time="0.163" errors="0" timestamp="2024-04-19T16:38:57 IST">
  <testcase classname="redbus_nagp_automation.testclass.SmokeTest" name="@AfterMethod tearDown" time="0.001">
    <failure type="java.lang.NullPointerException" message="Cannot invoke &amp;quot;org.openqa.selenium.WebDriver.quit()&amp;quot; because &amp;quot;redbus_nagp_automation.testclass.SmokeTest.driver&amp;quot; is null">
      <![CDATA[java.lang.NullPointerException: Cannot invoke "org.openqa.selenium.WebDriver.quit()" because "redbus_nagp_automation.testclass.SmokeTest.driver" is null
at redbus_nagp_automation.testclass.SmokeTest.tearDown(SmokeTest.java:118)
at java.base/jdk.internal.reflect.NativeMethodAccessorImpl.invoke0(Native Method)
at java.base/jdk.internal.reflect.NativeMethodAccessorImpl.invoke(NativeMethodAccessorImpl.java:77)
at java.base/jdk.internal.reflect.DelegatingMethodAccessorImpl.invoke(DelegatingMethodAccessorImpl.java:43)
at java.base/java.lang.reflect.Method.invoke(Method.java:568)
at org.testng.internal.MethodInvocationHelper.invokeMethod(MethodInvocationHelper.java:133)
at org.testng.internal.MethodInvocationHelper.invokeMethodConsideringTimeout(MethodInvocationHelper.java:62)
at org.testng.internal.ConfigInvoker.invokeConfigurationMethod(ConfigInvoker.java:385)
at org.testng.internal.ConfigInvoker.invokeConfigurations(ConfigInvoker.java:321)
at org.testng.internal.TestInvoker.runConfigMethods(TestInvoker.java:700)
at org.testng.internal.TestInvoker.runAfterGroupsConfigurations(TestInvoker.java:676)
at org.testng.internal.TestInvoker.invokeMethod(TestInvoker.java:660)
at org.testng.internal.TestInvoker.invokeTestMethod(TestInvoker.java:173)
at org.testng.internal.MethodRunner.runInSequence(MethodRunner.java:46)
at org.testng.internal.TestInvoker$MethodInvocationAgent.invoke(TestInvoker.java:824)
at org.testng.internal.TestInvoker.invokeTestMethods(TestInvoker.java:146)
at org.testng.internal.TestMethodWorker.invokeTestMethods(TestMethodWorker.java:146)
at org.testng.internal.TestMethodWorker.run(TestMethodWorker.java:128)
at java.base/java.util.ArrayList.forEach(ArrayList.java:1511)
at org.testng.TestRunner.privateRun(TestRunner.java:794)
at org.testng.TestRunner.run(TestRunner.java:596)
at org.testng.SuiteRunner.runTest(SuiteRunner.java:377)
at org.testng.SuiteRunner.runSequentially(SuiteRunner.java:371)
at org.testng.SuiteRunner.privateRun(SuiteRunner.java:332)
at org.testng.SuiteRunner.run(SuiteRunner.java:276)
at org.testng.SuiteRunnerWorker.runSuite(SuiteRunnerWorker.java:53)
at org.testng.SuiteRunnerWorker.run(SuiteRunnerWorker.java:96)
at org.testng.TestNG.runSuitesSequentially(TestNG.java:1212)
at org.testng.TestNG.runSuitesLocally(TestNG.java:1134)
at org.testng.TestNG.runSuites(TestNG.java:1063)
at org.testng.TestNG.run(TestNG.java:1031)
at org.testng.remote.AbstractRemoteTestNG.run(AbstractRemoteTestNG.java:115)
at org.testng.remote.RemoteTestNG.initAndRun(RemoteTestNG.java:251)
at org.testng.remote.RemoteTestNG.main(RemoteTestNG.java:77)
]]>
    </failure>
  </testcase> <!-- @AfterMethod tearDown -->
  <testcase classname="redbus_nagp_automation.utility.ExtentReport" name="@AfterMethod getResult" time="-1.713524937276E9">
    <skipped/>
  </testcase> <!-- @AfterMethod getResult -->
  <testcase classname="redbus_nagp_automation.testclass.SmokeTest" name="@AfterMethod tearDown" time="-1.71352493728E9">
    <skipped/>
  </testcase> <!-- @AfterMethod tearDown -->
  <testcase classname="redbus_nagp_automation.utility.ExtentReport" name="@AfterMethod getResult" time="-1.713524937281E9">
    <skipped/>
  </testcase> <!-- @AfterMethod getResult -->
  <testcase classname="redbus_nagp_automation.testclass.SmokeTest" name="@AfterMethod tearDown" time="-1.713524937284E9">
    <skipped/>
  </testcase> <!-- @AfterMethod tearDown -->
  <testcase classname="redbus_nagp_automation.utility.ExtentReport" name="@AfterMethod getResult" time="-1.713524937285E9">
    <skipped/>
  </testcase> <!-- @AfterMethod getResult -->
  <testcase classname="redbus_nagp_automation.testclass.SmokeTest" name="@AfterMethod tearDown" time="-1.713524937293E9">
    <skipped/>
  </testcase> <!-- @AfterMethod tearDown -->
  <testcase classname="redbus_nagp_automation.utility.ExtentReport" name="@AfterMethod getResult" time="-1.713524937294E9">
    <skipped/>
  </testcase> <!-- @AfterMethod getResult -->
  <testcase classname="redbus_nagp_automation.testclass.SmokeTest" name="@AfterMethod tearDown" time="-1.713524937296E9">
    <skipped/>
  </testcase> <!-- @AfterMethod tearDown -->
  <testcase classname="redbus_nagp_automation.utility.ExtentReport" name="@AfterMethod getResult" time="-1.713524937296E9">
    <skipped/>
  </testcase> <!-- @AfterMethod getResult -->
  <testcase classname="redbus_nagp_automation.testclass.SmokeTest" name="@AfterMethod tearDown" time="-1.713524937298E9">
    <skipped/>
  </testcase> <!-- @AfterMethod tearDown -->
  <testcase classname="redbus_nagp_automation.utility.ExtentReport" name="@AfterMethod getResult" time="-1.713524937298E9">
    <skipped/>
  </testcase> <!-- @AfterMethod getResult -->
  <testcase classname="redbus_nagp_automation.testclass.SmokeTest" name="@AfterMethod tearDown" time="-1.7135249373E9">
    <skipped/>
  </testcase> <!-- @AfterMethod tearDown -->
  <testcase classname="redbus_nagp_automation.utility.ExtentReport" name="@AfterMethod getResult" time="-1.713524937301E9">
    <skipped/>
  </testcase> <!-- @AfterMethod getResult -->
  <testcase classname="redbus_nagp_automation.testclass.SmokeTest" name="verifyAccountDetails" time="0.099">
    <failure type="java.lang.IllegalArgumentException" message="Input must be set">
      <![CDATA[java.lang.IllegalArgumentException: Input must be set
at org.openqa.selenium.internal.Require.nonNull(Require.java:59)
at org.openqa.selenium.support.ui.FluentWait.<init>(FluentWait.java:97)
at org.openqa.selenium.support.ui.WebDriverWait.<init>(WebDriverWait.java:77)
at org.openqa.selenium.support.ui.WebDriverWait.<init>(WebDriverWait.java:46)
at redbus_nagp_automation.pages.AccountOptionsPage.verifyAccountDropdownOptionsCount(AccountOptionsPage.java:55)
at redbus_nagp_automation.testclass.SmokeTest.verifyAccountDetails(SmokeTest.java:41)
at java.base/jdk.internal.reflect.NativeMethodAccessorImpl.invoke0(Native Method)
at java.base/jdk.internal.reflect.NativeMethodAccessorImpl.invoke(NativeMethodAccessorImpl.java:77)
at java.base/jdk.internal.reflect.DelegatingMethodAccessorImpl.invoke(DelegatingMethodAccessorImpl.java:43)
at java.base/java.lang.reflect.Method.invoke(Method.java:568)
at org.testng.internal.MethodInvocationHelper.invokeMethod(MethodInvocationHelper.java:133)
at org.testng.internal.TestInvoker.invokeMethod(TestInvoker.java:598)
at org.testng.internal.TestInvoker.invokeTestMethod(TestInvoker.java:173)
at org.testng.internal.MethodRunner.runInSequence(MethodRunner.java:46)
at org.testng.internal.TestInvoker$MethodInvocationAgent.invoke(TestInvoker.java:824)
at org.testng.internal.TestInvoker.invokeTestMethods(TestInvoker.java:146)
at org.testng.internal.TestMethodWorker.invokeTestMethods(TestMethodWorker.java:146)
at org.testng.internal.TestMethodWorker.run(TestMethodWorker.java:128)
at java.base/java.util.ArrayList.forEach(ArrayList.java:1511)
at org.testng.TestRunner.privateRun(TestRunner.java:794)
at org.testng.TestRunner.run(TestRunner.java:596)
at org.testng.SuiteRunner.runTest(SuiteRunner.java:377)
at org.testng.SuiteRunner.runSequentially(SuiteRunner.java:371)
at org.testng.SuiteRunner.privateRun(SuiteRunner.java:332)
at org.testng.SuiteRunner.run(SuiteRunner.java:276)
at org.testng.SuiteRunnerWorker.runSuite(SuiteRunnerWorker.java:53)
at org.testng.SuiteRunnerWorker.run(SuiteRunnerWorker.java:96)
at org.testng.TestNG.runSuitesSequentially(TestNG.java:1212)
at org.testng.TestNG.runSuitesLocally(TestNG.java:1134)
at org.testng.TestNG.runSuites(TestNG.java:1063)
at org.testng.TestNG.run(TestNG.java:1031)
at org.testng.remote.AbstractRemoteTestNG.run(AbstractRemoteTestNG.java:115)
at org.testng.remote.RemoteTestNG.initAndRun(RemoteTestNG.java:251)
at org.testng.remote.RemoteTestNG.main(RemoteTestNG.java:77)
]]>
    </failure>
  </testcase> <!-- verifyAccountDetails -->
  <testcase classname="redbus_nagp_automation.testclass.SmokeTest" name="verifyBusSearch" time="0.0">
    <skipped/>
  </testcase> <!-- verifyBusSearch -->
  <testcase classname="redbus_nagp_automation.testclass.SmokeTest" name="verifyHelpPage" time="0.0">
    <skipped/>
  </testcase> <!-- verifyHelpPage -->
  <testcase classname="redbus_nagp_automation.testclass.SmokeTest" name="verifyHomePage" time="0.0">
    <skipped/>
  </testcase> <!-- verifyHomePage -->
  <testcase classname="redbus_nagp_automation.testclass.SmokeTest" name="verifyOffersPage" time="0.0">
    <skipped/>
  </testcase> <!-- verifyOffersPage -->
  <testcase classname="redbus_nagp_automation.testclass.SmokeTest" name="verifyRedRailPage" time="0.0">
    <skipped/>
  </testcase> <!-- verifyRedRailPage -->
  <testcase classname="redbus_nagp_automation.testclass.SmokeTest" name="verifySearchedBusDetails" time="0.0">
    <skipped/>
  </testcase> <!-- verifySearchedBusDetails -->
  <testcase classname="redbus_nagp_automation.testclass.SmokeTest" name="verifyTrainSearch" time="0.0">
    <skipped/>
  </testcase> <!-- verifyTrainSearch -->
</testsuite> <!-- Default test -->
